[debug] [2023-04-21T02:13:42.155Z] ----------------------------------------------------------------------
[debug] [2023-04-21T02:13:42.158Z] Command:       /usr/local/bin/node /usr/local/bin/firebase emulators:exec --import=./saved-data npm start
[debug] [2023-04-21T02:13:42.159Z] CLI Version:   11.28.0
[debug] [2023-04-21T02:13:42.159Z] Platform:      darwin
[debug] [2023-04-21T02:13:42.159Z] Node Version:  v16.14.0
[debug] [2023-04-21T02:13:42.163Z] Time:          Thu Apr 20 2023 21:13:42 GMT-0500 (Central Daylight Time)
[debug] [2023-04-21T02:13:42.163Z] ----------------------------------------------------------------------
[debug] 
[debug] [2023-04-21T02:13:42.325Z] > command requires scopes: ["email","openid","https://www.googleapis.com/auth/cloudplatformprojects.readonly","https://www.googleapis.com/auth/firebase","https://www.googleapis.com/auth/cloud-platform"]
[debug] [2023-04-21T02:13:42.326Z] > authorizing via signed-in user (tatyanapetriv2023@u.northwestern.edu)
[debug] [2023-04-21T02:13:42.562Z] java version "15.0.1" 2020-10-20
Java(TM) SE Runtime Environment (build 15.0.1+9-18)
Java HotSpot(TM) 64-Bit Server VM (build 15.0.1+9-18, mixed mode, sharing)

[debug] [2023-04-21T02:13:42.568Z] Parsed Java major version: 15
[info] i  emulators: Starting emulators: auth, firestore, database, hosting, storage {"metadata":{"emulator":{"name":"hub"},"message":"Starting emulators: auth, firestore, database, hosting, storage"}}
[debug] [2023-04-21T02:13:44.112Z] [logging] Logging Emulator only supports listening on one address (127.0.0.1). Not listening on ::1
[debug] [2023-04-21T02:13:44.113Z] [auth] Authentication Emulator only supports listening on one address (127.0.0.1). Not listening on ::1
[debug] [2023-04-21T02:13:44.113Z] [firestore] Firestore Emulator only supports listening on one address (127.0.0.1). Not listening on ::1
[debug] [2023-04-21T02:13:44.113Z] [firestore.websocket] websocket server for firestore only supports listening on one address (127.0.0.1). Not listening on ::1
[debug] [2023-04-21T02:13:44.113Z] [database] Database Emulator only supports listening on one address (127.0.0.1). Not listening on ::1
[debug] [2023-04-21T02:13:44.114Z] [storage] Storage Emulator only supports listening on one address (127.0.0.1). Not listening on ::1
[warn] ⚠  hosting: Hosting Emulator unable to start on port 5000, starting on 5002 instead. {"metadata":{"emulator":{"name":"hosting"},"message":"Hosting Emulator unable to start on port 5000, starting on 5002 instead."}}
[debug] [2023-04-21T02:13:44.116Z] [hosting] Hosting Emulator only supports listening on one address (127.0.0.1). Not listening on ::1
[debug] [2023-04-21T02:13:44.116Z] assigned listening specs for emulators {"user":{"hub":[{"address":"127.0.0.1","family":"IPv4","port":4400},{"address":"::1","family":"IPv6","port":4400}],"logging":[{"address":"127.0.0.1","family":"IPv4","port":4500}],"auth":[{"address":"127.0.0.1","family":"IPv4","port":9099}],"firestore":[{"address":"127.0.0.1","family":"IPv4","port":8080}],"firestore.websocket":[{"address":"127.0.0.1","family":"IPv4","port":9150}],"database":[{"address":"127.0.0.1","family":"IPv4","port":9000}],"storage":[{"address":"127.0.0.1","family":"IPv4","port":9199}],"hosting":[{"address":"127.0.0.1","family":"IPv4","port":5002}]},"metadata":{"message":"assigned listening specs for emulators"}}
[debug] [2023-04-21T02:13:44.154Z] [hub] writing locator at /var/folders/gj/hqgyhnwn1fs35t7q5p0llyg80000gn/T/hub-nuart-part-2.json
[info] i  firestore: Importing data from /Users/lubomyrapetriv/Documents/ArtNU/artnu/saved-data/firestore_export/firestore_export.overall_export_metadata {"metadata":{"emulator":{"name":"firestore"},"message":"Importing data from /Users/lubomyrapetriv/Documents/ArtNU/artnu/saved-data/firestore_export/firestore_export.overall_export_metadata"}}
[warn] ⚠  firestore: Cloud Firestore Emulator does not support multiple databases yet. {"metadata":{"emulator":{"name":"firestore"},"message":"Cloud Firestore Emulator does not support multiple databases yet."}}
[warn] ⚠  firestore: Did not find a Cloud Firestore rules file specified in a firebase.json config file. {"metadata":{"emulator":{"name":"firestore"},"message":"Did not find a Cloud Firestore rules file specified in a firebase.json config file."}}
[warn] ⚠  firestore: The emulator will default to allowing all reads and writes. Learn more about this option: https://firebase.google.com/docs/emulator-suite/install_and_configure#security_rules_configuration. {"metadata":{"emulator":{"name":"firestore"},"message":"The emulator will default to allowing all reads and writes. Learn more about this option: https://firebase.google.com/docs/emulator-suite/install_and_configure#security_rules_configuration."}}
[debug] [2023-04-21T02:13:44.211Z] Ignoring unsupported arg: auto_download {"metadata":{"emulator":{"name":"firestore"},"message":"Ignoring unsupported arg: auto_download"}}
[debug] [2023-04-21T02:13:44.212Z] Ignoring unsupported arg: single_project_mode_error {"metadata":{"emulator":{"name":"firestore"},"message":"Ignoring unsupported arg: single_project_mode_error"}}
[debug] [2023-04-21T02:13:44.212Z] Starting Firestore Emulator with command {"binary":"java","args":["-Dgoogle.cloud_firestore.debug_log_level=FINE","-Duser.language=en","-jar","/Users/lubomyrapetriv/.cache/firebase/emulators/cloud-firestore-emulator-v1.16.2.jar","--host","127.0.0.1","--port",8080,"--websocket_port",9150,"--project_id","nuart-part-2","--seed_from_export","/Users/lubomyrapetriv/Documents/ArtNU/artnu/saved-data/firestore_export/firestore_export.overall_export_metadata","--single_project_mode",true],"optionalArgs":["port","webchannel_port","host","rules","websocket_port","functions_emulator","seed_from_export","project_id","single_project_mode"],"joinArgs":false} {"metadata":{"emulator":{"name":"firestore"},"message":"Starting Firestore Emulator with command {\"binary\":\"java\",\"args\":[\"-Dgoogle.cloud_firestore.debug_log_level=FINE\",\"-Duser.language=en\",\"-jar\",\"/Users/lubomyrapetriv/.cache/firebase/emulators/cloud-firestore-emulator-v1.16.2.jar\",\"--host\",\"127.0.0.1\",\"--port\",8080,\"--websocket_port\",9150,\"--project_id\",\"nuart-part-2\",\"--seed_from_export\",\"/Users/lubomyrapetriv/Documents/ArtNU/artnu/saved-data/firestore_export/firestore_export.overall_export_metadata\",\"--single_project_mode\",true],\"optionalArgs\":[\"port\",\"webchannel_port\",\"host\",\"rules\",\"websocket_port\",\"functions_emulator\",\"seed_from_export\",\"project_id\",\"single_project_mode\"],\"joinArgs\":false}"}}
[info] i  firestore: Firestore Emulator logging to firestore-debug.log {"metadata":{"emulator":{"name":"firestore"},"message":"Firestore Emulator logging to \u001b[1mfirestore-debug.log\u001b[22m"}}
[debug] [2023-04-21T02:13:46.046Z] Apr 20, 2023 9:13:45 PM com.google.cloud.datastore.emulator.firestore.websocket.WebSocketServer start
INFO: Started WebSocket server on ws://127.0.0.1:9150
 {"metadata":{"emulator":{"name":"firestore"},"message":"Apr 20, 2023 9:13:45 PM com.google.cloud.datastore.emulator.firestore.websocket.WebSocketServer start\nINFO: Started WebSocket server on ws://127.0.0.1:9150\n"}}
[debug] [2023-04-21T02:13:46.109Z] API endpoint: http:// {"metadata":{"emulator":{"name":"firestore"},"message":"API endpoint: http://"}}
[debug] [2023-04-21T02:13:46.110Z] 127.0.0.1:8080 {"metadata":{"emulator":{"name":"firestore"},"message":"127.0.0.1:8080"}}
[debug] [2023-04-21T02:13:46.110Z] 
 {"metadata":{"emulator":{"name":"firestore"},"message":"\n"}}
[debug] [2023-04-21T02:13:46.111Z] If you are using a library that supports the FIRESTORE_EMULATOR_HOST environment variable, run:
 {"metadata":{"emulator":{"name":"firestore"},"message":"If you are using a library that supports the FIRESTORE_EMULATOR_HOST environment variable, run:\n"}}
[debug] [2023-04-21T02:13:46.111Z] 
   export FIRESTORE_EMULATOR_HOST= {"metadata":{"emulator":{"name":"firestore"},"message":"\n   export FIRESTORE_EMULATOR_HOST="}}
[debug] [2023-04-21T02:13:46.116Z] 127.0.0.1:8080 {"metadata":{"emulator":{"name":"firestore"},"message":"127.0.0.1:8080"}}
[debug] [2023-04-21T02:13:46.116Z] 

Dev App Server is now running.

 {"metadata":{"emulator":{"name":"firestore"},"message":"\n\nDev App Server is now running.\n\n"}}
[info] ✔  firestore: Firestore Emulator UI websocket is running on 9150. {"metadata":{"emulator":{"name":"firestore"},"message":"Firestore Emulator UI websocket is running on 9150."}}
[debug] [2023-04-21T02:13:46.361Z] >>> [apiv2][query] GET https://firebase.googleapis.com/v1beta1/projects/nuart-part-2 [none]
[debug] [2023-04-21T02:13:47.251Z] <<< [apiv2][status] GET https://firebase.googleapis.com/v1beta1/projects/nuart-part-2 200
[debug] [2023-04-21T02:13:47.251Z] <<< [apiv2][body] GET https://firebase.googleapis.com/v1beta1/projects/nuart-part-2 {"projectId":"nuart-part-2","projectNumber":"772881649664","displayName":"NuArt part 2","name":"projects/nuart-part-2","resources":{"hostingSite":"nuart-part-2","realtimeDatabaseInstance":"nuart-part-2-default-rtdb","storageBucket":"nuart-part-2.appspot.com","locationId":"us-central"},"state":"ACTIVE","etag":"1_42aad3fb-8670-4bbf-9a74-2bb15808c37c"}
[debug] [2023-04-21T02:13:47.251Z] database rules config:  [{"instance":"nuart-part-2-default-rtdb","rules":"/Users/lubomyrapetriv/Documents/ArtNU/artnu/database.rules.json"}]
[debug] [2023-04-21T02:13:47.260Z] Ignoring unsupported arg: projectId {"metadata":{"emulator":{"name":"database"},"message":"Ignoring unsupported arg: projectId"}}
[debug] [2023-04-21T02:13:47.260Z] Ignoring unsupported arg: auto_download {"metadata":{"emulator":{"name":"database"},"message":"Ignoring unsupported arg: auto_download"}}
[debug] [2023-04-21T02:13:47.260Z] Ignoring unsupported arg: rules {"metadata":{"emulator":{"name":"database"},"message":"Ignoring unsupported arg: rules"}}
[debug] [2023-04-21T02:13:47.260Z] Starting Database Emulator with command {"binary":"java","args":["-Duser.language=en","-jar","/Users/lubomyrapetriv/.cache/firebase/emulators/firebase-database-emulator-v4.11.0.jar","--host","127.0.0.1","--port",9000,"--single_project_mode","Warning"],"optionalArgs":["port","host","functions_emulator_port","functions_emulator_host","single_project_mode"],"joinArgs":false} {"metadata":{"emulator":{"name":"database"},"message":"Starting Database Emulator with command {\"binary\":\"java\",\"args\":[\"-Duser.language=en\",\"-jar\",\"/Users/lubomyrapetriv/.cache/firebase/emulators/firebase-database-emulator-v4.11.0.jar\",\"--host\",\"127.0.0.1\",\"--port\",9000,\"--single_project_mode\",\"Warning\"],\"optionalArgs\":[\"port\",\"host\",\"functions_emulator_port\",\"functions_emulator_host\",\"single_project_mode\"],\"joinArgs\":false}"}}
[info] i  database: Database Emulator logging to database-debug.log {"metadata":{"emulator":{"name":"database"},"message":"Database Emulator logging to \u001b[1mdatabase-debug.log\u001b[22m"}}
[debug] [2023-04-21T02:13:48.275Z] WARNING: An illegal reflective access operation has occurred
WARNING: Illegal reflective access by io.netty.util.internal.ReflectionUtil (file:/Users/lubomyrapetriv/.cache/firebase/emulators/firebase-database-emulator-v4.11.0.jar) to field sun.nio.ch.SelectorImpl.selectedKeys
WARNING: Please consider reporting this to the maintainers of io.netty.util.internal.ReflectionUtil
WARNING: Use --illegal-access=warn to enable warnings of further illegal reflective access operations
WARNING: All illegal access operations will be denied in a future release
 {"metadata":{"emulator":{"name":"database"},"message":"WARNING: An illegal reflective access operation has occurred\nWARNING: Illegal reflective access by io.netty.util.internal.ReflectionUtil (file:/Users/lubomyrapetriv/.cache/firebase/emulators/firebase-database-emulator-v4.11.0.jar) to field sun.nio.ch.SelectorImpl.selectedKeys\nWARNING: Please consider reporting this to the maintainers of io.netty.util.internal.ReflectionUtil\nWARNING: Use --illegal-access=warn to enable warnings of further illegal reflective access operations\nWARNING: All illegal access operations will be denied in a future release\n"}}
[debug] [2023-04-21T02:13:49.327Z] 21:13:49.325 [NamespaceSystem-akka.actor.default-dispatcher-5] INFO akka.event.slf4j.Slf4jLogger - Slf4jLogger started
 {"metadata":{"emulator":{"name":"database"},"message":"21:13:49.325 [NamespaceSystem-akka.actor.default-dispatcher-5] INFO akka.event.slf4j.Slf4jLogger - Slf4jLogger started\n"}}
[debug] [2023-04-21T02:13:49.640Z] 21:13:49.638 [main] INFO com.firebase.server.forge.App$ - Listening at 127.0.0.1:9000
 {"metadata":{"emulator":{"name":"database"},"message":"21:13:49.638 [main] INFO com.firebase.server.forge.App$ - Listening at 127.0.0.1:9000\n"}}
[info] i  auth: Importing config from /Users/lubomyrapetriv/Documents/ArtNU/artnu/saved-data/auth_export/config.json {"metadata":{"emulator":{"name":"auth"},"message":"Importing config from /Users/lubomyrapetriv/Documents/ArtNU/artnu/saved-data/auth_export/config.json"}}
[info] i  auth: Importing accounts from /Users/lubomyrapetriv/Documents/ArtNU/artnu/saved-data/auth_export/accounts.json {"metadata":{"emulator":{"name":"auth"},"message":"Importing accounts from /Users/lubomyrapetriv/Documents/ArtNU/artnu/saved-data/auth_export/accounts.json"}}
[debug] [2023-04-21T02:14:05.126Z] Ignoring unsupported arg: port {"metadata":{"emulator":{"name":"storage"},"message":"Ignoring unsupported arg: port"}}
[debug] [2023-04-21T02:14:08.752Z] Temp file directory for storage emulator: /var/folders/gj/hqgyhnwn1fs35t7q5p0llyg80000gn/T/firebase/storage/blobs {"metadata":{"emulator":{"name":"storage"},"message":"Temp file directory for storage emulator: /var/folders/gj/hqgyhnwn1fs35t7q5p0llyg80000gn/T/firebase/storage/blobs"}}
[debug] [2023-04-21T02:14:08.774Z] >>> [apiv2][query] GET https://firebasehosting.googleapis.com/v1beta1/projects/nuart-part-2/sites 
[debug] [2023-04-21T02:14:09.273Z] <<< [apiv2][status] GET https://firebasehosting.googleapis.com/v1beta1/projects/nuart-part-2/sites 200
[debug] [2023-04-21T02:14:09.273Z] <<< [apiv2][body] GET https://firebasehosting.googleapis.com/v1beta1/projects/nuart-part-2/sites {"sites":[{"name":"projects/nuart-part-2/sites/nuart-part-2","defaultUrl":"https://nuart-part-2.web.app","appId":"1:772881649664:web:0642ff92bfd0664f2708e5","type":"DEFAULT_SITE"}]}
[debug] [2023-04-21T02:14:09.274Z] >>> [apiv2][query] GET https://firebase.googleapis.com/v1beta1/projects/nuart-part-2/webApps/1:772881649664:web:0642ff92bfd0664f2708e5/config [none]
[debug] [2023-04-21T02:14:09.666Z] <<< [apiv2][status] GET https://firebase.googleapis.com/v1beta1/projects/nuart-part-2/webApps/1:772881649664:web:0642ff92bfd0664f2708e5/config 200
[debug] [2023-04-21T02:14:09.667Z] <<< [apiv2][body] GET https://firebase.googleapis.com/v1beta1/projects/nuart-part-2/webApps/1:772881649664:web:0642ff92bfd0664f2708e5/config {"projectId":"nuart-part-2","appId":"1:772881649664:web:0642ff92bfd0664f2708e5","databaseURL":"https://nuart-part-2-default-rtdb.firebaseio.com","storageBucket":"nuart-part-2.appspot.com","locationId":"us-central","apiKey":"AIzaSyBA7OB8g1kKD2ipI-to-r0FcgTZL3HC4Fs","authDomain":"nuart-part-2.firebaseapp.com","messagingSenderId":"772881649664","measurementId":"G-2LVT1VMP6V"}
[debug] [2023-04-21T02:14:09.695Z] >>> [apiv2][query] GET https://firebase.googleapis.com/v1beta1/projects/nuart-part-2 [none]
[debug] [2023-04-21T02:14:09.879Z] <<< [apiv2][status] GET https://firebase.googleapis.com/v1beta1/projects/nuart-part-2 200
[debug] [2023-04-21T02:14:09.879Z] <<< [apiv2][body] GET https://firebase.googleapis.com/v1beta1/projects/nuart-part-2 {"projectId":"nuart-part-2","projectNumber":"772881649664","displayName":"NuArt part 2","name":"projects/nuart-part-2","resources":{"hostingSite":"nuart-part-2","realtimeDatabaseInstance":"nuart-part-2-default-rtdb","storageBucket":"nuart-part-2.appspot.com","locationId":"us-central"},"state":"ACTIVE","etag":"1_42aad3fb-8670-4bbf-9a74-2bb15808c37c"}
[debug] [2023-04-21T02:14:09.881Z] Specified "public" directory "build" does not exist; Deploy to Hosting site "nuart-part-2" may fail or be empty.
[info] i  hosting[nuart-part-2]: Serving hosting files from: build {"metadata":{"emulator":{"name":"hosting"},"message":"Serving hosting files from: \u001b[1mbuild\u001b[22m"}}
[info] ✔  hosting[nuart-part-2]: Local server: http://127.0.0.1:5002 {"metadata":{"emulator":{"name":"hosting"},"message":"Local server: \u001b[4m\u001b[1mhttp://127.0.0.1:5002\u001b[22m\u001b[24m"}}
[debug] [2023-04-21T02:14:10.040Z] >>> [apiv2][query] PUT http://127.0.0.1:9000/.settings/rules.json ns=nuart-part-2-default-rtdb
[debug] [2023-04-21T02:14:10.041Z] >>> [apiv2][body] PUT http://127.0.0.1:9000/.settings/rules.json "{\n  \"rules\": {\n    \".read\": true,\n    \".write\": true\n  }\n}"
[debug] [2023-04-21T02:14:10.870Z] 21:14:10.870 [NamespaceSystem-akka.actor.default-dispatcher-7] INFO com.firebase.core.namespace.NamespaceActor - nuart-part-2-default-rtdb successfully activated FBKV (SurveyIdle(0)) wait: 377ms, init: 0ms
 {"metadata":{"emulator":{"name":"database"},"message":"21:14:10.870 [NamespaceSystem-akka.actor.default-dispatcher-7] INFO com.firebase.core.namespace.NamespaceActor - nuart-part-2-default-rtdb successfully activated FBKV (SurveyIdle(0)) wait: 377ms, init: 0ms\n"}}
[debug] [2023-04-21T02:14:11.003Z] 21:14:11.003 [NamespaceSystem-blocking-namespace-operation-dispatcher-8] INFO com.firebase.core.namespace.StateManager - Namespace nuart-part-2-default-rtdb status Active to Active
 {"metadata":{"emulator":{"name":"database"},"message":"21:14:11.003 [NamespaceSystem-blocking-namespace-operation-dispatcher-8] INFO com.firebase.core.namespace.StateManager - Namespace nuart-part-2-default-rtdb status Active to Active\n"}}
[debug] [2023-04-21T02:14:11.075Z] <<< [apiv2][status] PUT http://127.0.0.1:9000/.settings/rules.json 200
[debug] [2023-04-21T02:14:11.075Z] <<< [apiv2][body] PUT http://127.0.0.1:9000/.settings/rules.json {"status":"ok"}
[info] i  Running script: npm start 
[debug] [2023-04-21T02:14:11.090Z] Running npm start with environment {"TERM_PROGRAM":"vscode","NODE":"/usr/local/bin/node","INIT_CWD":"/Users/lubomyrapetriv/Documents/ArtNU/artnu","SHELL":"/bin/bash","TERM":"xterm-256color","npm_config_metrics_registry":"https://registry.npmjs.org/","TMPDIR":"/var/folders/gj/hqgyhnwn1fs35t7q5p0llyg80000gn/T/","npm_config_global_prefix":"/usr/local","CONDA_SHLVL":"1","CONDA_PROMPT_MODIFIER":"(base) ","TERM_PROGRAM_VERSION":"1.77.3","MallocNanoZone":"0","ORIGINAL_XDG_CURRENT_DESKTOP":"undefined","COLOR":"1","npm_config_noproxy":"","npm_config_local_prefix":"/Users/lubomyrapetriv/Documents/ArtNU/artnu","USER":"lubomyrapetriv","COMMAND_MODE":"unix2003","npm_config_globalconfig":"/usr/local/etc/npmrc","CONDA_EXE":"/Users/lubomyrapetriv/miniconda3/bin/conda","SSH_AUTH_SOCK":"/private/tmp/com.apple.launchd.MeNoH29Hr2/Listeners","__CF_USER_TEXT_ENCODING":"0x1F5:0x0:0x0","npm_execpath":"/usr/local/lib/node_modules/npm/bin/npm-cli.js","_CE_CONDA":"","PATH":"/Users/lubomyrapetriv/Documents/ArtNU/artnu/node_modules/.bin:/Users/lubomyrapetriv/Documents/ArtNU/node_modules/.bin:/Users/lubomyrapetriv/Documents/node_modules/.bin:/Users/lubomyrapetriv/node_modules/.bin:/Users/node_modules/.bin:/node_modules/.bin:/usr/local/lib/node_modules/npm/node_modules/@npmcli/run-script/lib/node-gyp-bin:/Users/lubomyrapetriv/google-cloud-sdk/bin:/Library/Frameworks/Python.framework/Versions/3.11/bin:/Library/Frameworks/Python.framework/Versions/3.10/bin:/Library/PostgreSQL/9.5/bin:/usr/local/bin:/usr/bin:/bin:/usr/sbin:/sbin:/Library/TeX/texbin:/usr/local/share/dotnet:~/.dotnet/tools:/Library/Frameworks/Python.framework/Versions/3.11/bin:/Library/Frameworks/Python.framework/Versions/3.10/bin:/Users/lubomyrapetriv/miniconda3/bin:/Users/lubomyrapetriv/miniconda3/condabin:/Library/PostgreSQL/9.5/bin:/Applications/microchip/xc32/bin:/Applications/microchip/xc32/bin","npm_package_json":"/Users/lubomyrapetriv/Documents/ArtNU/artnu/package.json","_":"/usr/local/bin/firebase","npm_config_userconfig":"/Users/lubomyrapetriv/.npmrc","npm_config_init_module":"/Users/lubomyrapetriv/.npm-init.js","__CFBundleIdentifier":"com.microsoft.VSCode","CONDA_PREFIX":"/Users/lubomyrapetriv/miniconda3","npm_command":"run-script","PWD":"/Users/lubomyrapetriv/Documents/ArtNU/artnu","npm_lifecycle_event":"em:exec","EDITOR":"vi","npm_package_name":"artnu","LANG":"en_US.UTF-8","XPC_FLAGS":"0x0","VSCODE_GIT_ASKPASS_EXTRA_ARGS":"--ms-enable-electron-run-as-node","npm_config_node_gyp":"/usr/local/lib/node_modules/npm/node_modules/node-gyp/bin/node-gyp.js","npm_package_version":"0.1.0","XPC_SERVICE_NAME":"0","_CE_M":"","HOME":"/Users/lubomyrapetriv","SHLVL":"3","VSCODE_GIT_ASKPASS_MAIN":"/Applications/Visual Studio Code.app/Contents/Resources/app/extensions/git/dist/askpass-main.js","npm_config_cache":"/Users/lubomyrapetriv/.npm","LOGNAME":"lubomyrapetriv","CONDA_PYTHON_EXE":"/Users/lubomyrapetriv/miniconda3/bin/python","npm_lifecycle_script":"firebase emulators:exec --import=./saved-data 'npm start'","VSCODE_GIT_IPC_HANDLE":"/var/folders/gj/hqgyhnwn1fs35t7q5p0llyg80000gn/T/vscode-git-208cab55fa.sock","CONDA_DEFAULT_ENV":"base","npm_config_user_agent":"npm/8.3.1 node/v16.14.0 darwin x64 workspaces/false","GIT_ASKPASS":"/Applications/Visual Studio Code.app/Contents/Resources/app/extensions/git/dist/askpass.sh","VSCODE_GIT_ASKPASS_NODE":"/Applications/Visual Studio Code.app/Contents/Frameworks/Code Helper (Plugin).app/Contents/MacOS/Code Helper (Plugin)","npm_node_execpath":"/usr/local/bin/node","npm_config_prefix":"/usr/local","COLORTERM":"truecolor","IS_FIREBASE_CLI":"true","GCLOUD_PROJECT":"nuart-part-2","FIREBASE_CONFIG":"{\"projectId\":\"nuart-part-2\",\"storageBucket\":\"nuart-part-2.appspot.com\",\"databaseURL\":\"https://nuart-part-2.firebaseio.com\"}","FIREBASE_EMULATOR_HUB":"127.0.0.1:4400","FIREBASE_AUTH_EMULATOR_HOST":"127.0.0.1:9099","FIRESTORE_EMULATOR_HOST":"127.0.0.1:8080","FIREBASE_FIRESTORE_EMULATOR_ADDRESS":"127.0.0.1:8080","FIREBASE_DATABASE_EMULATOR_HOST":"127.0.0.1:9000","FIREBASE_STORAGE_EMULATOR_HOST":"127.0.0.1:9199","STORAGE_EMULATOR_HOST":"http://127.0.0.1:9199"}
[debug] [2023-04-21T03:00:03.106Z] Received signal SIGHUP 1
[info]  
[info] i  emulators: Received SIGHUP for the first time. Starting a clean shutdown. 
[info] i  emulators: Please wait for a clean shutdown or send the SIGHUP signal again to stop right now. 
[debug] [2023-04-21T03:00:03.122Z] Error: write EIO
    at afterWriteDispatched (node:internal/stream_base_commons:160:15)
    at writeGeneric (node:internal/stream_base_commons:151:3)
    at WriteStream.Socket._writeGeneric (node:net:795:11)
    at WriteStream.Socket._write (node:net:807:8)
    at writeOrBuffer (node:internal/streams/writable:389:12)
    at _write (node:internal/streams/writable:330:10)
    at WriteStream.Writable.write (node:internal/streams/writable:334:10)
    at Console.log (/usr/local/lib/node_modules/firebase-tools/node_modules/winston/lib/winston/transports/console.js:79:23)
    at Console._write (/usr/local/lib/node_modules/firebase-tools/node_modules/winston-transport/index.js:103:17)
    at doWrite (/usr/local/lib/node_modules/firebase-tools/node_modules/winston-transport/node_modules/readable-stream/lib/_stream_writable.js:428:64)
    at writeOrBuffer (/usr/local/lib/node_modules/firebase-tools/node_modules/winston-transport/node_modules/readable-stream/lib/_stream_writable.js:417:5)
    at Console.Writable.write (/usr/local/lib/node_modules/firebase-tools/node_modules/winston-transport/node_modules/readable-stream/lib/_stream_writable.js:334:11)
    at DerivedLogger.ondata (/usr/local/lib/node_modules/firebase-tools/node_modules/readable-stream/lib/_stream_readable.js:681:20)
    at DerivedLogger.emit (node:events:532:35)
    at DerivedLogger.emit (node:domain:475:12)
    at addChunk (/usr/local/lib/node_modules/firebase-tools/node_modules/readable-stream/lib/_stream_readable.js:298:12)
[error] 
[error] Error: An unexpected error has occurred.
[debug] [2023-04-21T03:00:03.127Z] Error: write EIO
    at afterWriteDispatched (node:internal/stream_base_commons:160:15)
    at writeGeneric (node:internal/stream_base_commons:151:3)
    at WriteStream.Socket._writeGeneric (node:net:795:11)
    at WriteStream.Socket._write (node:net:807:8)
    at writeOrBuffer (node:internal/streams/writable:389:12)
    at _write (node:internal/streams/writable:330:10)
    at WriteStream.Writable.write (node:internal/streams/writable:334:10)
    at Console.log (/usr/local/lib/node_modules/firebase-tools/node_modules/winston/lib/winston/transports/console.js:79:23)
    at Console._write (/usr/local/lib/node_modules/firebase-tools/node_modules/winston-transport/index.js:103:17)
    at doWrite (/usr/local/lib/node_modules/firebase-tools/node_modules/winston-transport/node_modules/readable-stream/lib/_stream_writable.js:428:64)
    at writeOrBuffer (/usr/local/lib/node_modules/firebase-tools/node_modules/winston-transport/node_modules/readable-stream/lib/_stream_writable.js:417:5)
    at Console.Writable.write (/usr/local/lib/node_modules/firebase-tools/node_modules/winston-transport/node_modules/readable-stream/lib/_stream_writable.js:334:11)
    at DerivedLogger.ondata (/usr/local/lib/node_modules/firebase-tools/node_modules/readable-stream/lib/_stream_readable.js:681:20)
    at DerivedLogger.emit (node:events:532:35)
    at DerivedLogger.emit (node:domain:475:12)
    at addChunk (/usr/local/lib/node_modules/firebase-tools/node_modules/readable-stream/lib/_stream_readable.js:298:12)
[error] 
[error] Error: An unexpected error has occurred.
[debug] [2023-04-21T03:00:03.128Z] Error: write EIO
    at afterWriteDispatched (node:internal/stream_base_commons:160:15)
    at writeGeneric (node:internal/stream_base_commons:151:3)
    at WriteStream.Socket._writeGeneric (node:net:795:11)
    at WriteStream.Socket._write (node:net:807:8)
    at writeOrBuffer (node:internal/streams/writable:389:12)
    at _write (node:internal/streams/writable:330:10)
    at WriteStream.Writable.write (node:internal/streams/writable:334:10)
    at Console.log (/usr/local/lib/node_modules/firebase-tools/node_modules/winston/lib/winston/transports/console.js:79:23)
    at Console._write (/usr/local/lib/node_modules/firebase-tools/node_modules/winston-transport/index.js:103:17)
    at doWrite (/usr/local/lib/node_modules/firebase-tools/node_modules/winston-transport/node_modules/readable-stream/lib/_stream_writable.js:428:64)
    at writeOrBuffer (/usr/local/lib/node_modules/firebase-tools/node_modules/winston-transport/node_modules/readable-stream/lib/_stream_writable.js:417:5)
    at Console.Writable.write (/usr/local/lib/node_modules/firebase-tools/node_modules/winston-transport/node_modules/readable-stream/lib/_stream_writable.js:334:11)
    at DerivedLogger.ondata (/usr/local/lib/node_modules/firebase-tools/node_modules/readable-stream/lib/_stream_readable.js:681:20)
    at DerivedLogger.emit (node:events:532:35)
    at DerivedLogger.emit (node:domain:475:12)
    at addChunk (/usr/local/lib/node_modules/firebase-tools/node_modules/readable-stream/lib/_stream_readable.js:298:12)
[error] 
[error] Error: An unexpected error has occurred.
[debug] [2023-04-21T03:00:03.129Z] Error: write EIO
    at afterWriteDispatched (node:internal/stream_base_commons:160:15)
    at writeGeneric (node:internal/stream_base_commons:151:3)
    at WriteStream.Socket._writeGeneric (node:net:795:11)
    at WriteStream.Socket._write (node:net:807:8)
    at writeOrBuffer (node:internal/streams/writable:389:12)
    at _write (node:internal/streams/writable:330:10)
    at WriteStream.Writable.write (node:internal/streams/writable:334:10)
    at Console.log (/usr/local/lib/node_modules/firebase-tools/node_modules/winston/lib/winston/transports/console.js:79:23)
    at Console._write (/usr/local/lib/node_modules/firebase-tools/node_modules/winston-transport/index.js:103:17)
    at doWrite (/usr/local/lib/node_modules/firebase-tools/node_modules/winston-transport/node_modules/readable-stream/lib/_stream_writable.js:428:64)
    at writeOrBuffer (/usr/local/lib/node_modules/firebase-tools/node_modules/winston-transport/node_modules/readable-stream/lib/_stream_writable.js:417:5)
    at Console.Writable.write (/usr/local/lib/node_modules/firebase-tools/node_modules/winston-transport/node_modules/readable-stream/lib/_stream_writable.js:334:11)
    at DerivedLogger.ondata (/usr/local/lib/node_modules/firebase-tools/node_modules/readable-stream/lib/_stream_readable.js:681:20)
    at DerivedLogger.emit (node:events:532:35)
    at DerivedLogger.emit (node:domain:475:12)
    at addChunk (/usr/local/lib/node_modules/firebase-tools/node_modules/readable-stream/lib/_stream_readable.js:298:12)
[error] 
[error] Error: An unexpected error has occurred.
[debug] [2023-04-21T03:00:03.146Z] Error: write EIO
    at afterWriteDispatched (node:internal/stream_base_commons:160:15)
    at writeGeneric (node:internal/stream_base_commons:151:3)
    at WriteStream.Socket._writeGeneric (node:net:795:11)
    at WriteStream.Socket._write (node:net:807:8)
    at writeOrBuffer (node:internal/streams/writable:389:12)
    at _write (node:internal/streams/writable:330:10)
    at WriteStream.Writable.write (node:internal/streams/writable:334:10)
    at Console.log (/usr/local/lib/node_modules/firebase-tools/node_modules/winston/lib/winston/transports/console.js:79:23)
    at Console._write (/usr/local/lib/node_modules/firebase-tools/node_modules/winston-transport/index.js:103:17)
    at doWrite (/usr/local/lib/node_modules/firebase-tools/node_modules/winston-transport/node_modules/readable-stream/lib/_stream_writable.js:428:64)
    at writeOrBuffer (/usr/local/lib/node_modules/firebase-tools/node_modules/winston-transport/node_modules/readable-stream/lib/_stream_writable.js:417:5)
    at Console.Writable.write (/usr/local/lib/node_modules/firebase-tools/node_modules/winston-transport/node_modules/readable-stream/lib/_stream_writable.js:334:11)
    at DerivedLogger.ondata (/usr/local/lib/node_modules/firebase-tools/node_modules/readable-stream/lib/_stream_readable.js:681:20)
    at DerivedLogger.emit (node:events:532:35)
    at DerivedLogger.emit (node:domain:475:12)
    at addChunk (/usr/local/lib/node_modules/firebase-tools/node_modules/readable-stream/lib/_stream_readable.js:298:12)
[error] 
[error] Error: An unexpected error has occurred.
[debug] [2023-04-21T03:00:03.149Z] Error: write EIO
    at afterWriteDispatched (node:internal/stream_base_commons:160:15)
    at writeGeneric (node:internal/stream_base_commons:151:3)
    at WriteStream.Socket._writeGeneric (node:net:795:11)
    at WriteStream.Socket._write (node:net:807:8)
    at writeOrBuffer (node:internal/streams/writable:389:12)
    at _write (node:internal/streams/writable:330:10)
    at WriteStream.Writable.write (node:internal/streams/writable:334:10)
    at Console.log (/usr/local/lib/node_modules/firebase-tools/node_modules/winston/lib/winston/transports/console.js:79:23)
    at Console._write (/usr/local/lib/node_modules/firebase-tools/node_modules/winston-transport/index.js:103:17)
    at doWrite (/usr/local/lib/node_modules/firebase-tools/node_modules/winston-transport/node_modules/readable-stream/lib/_stream_writable.js:428:64)
    at writeOrBuffer (/usr/local/lib/node_modules/firebase-tools/node_modules/winston-transport/node_modules/readable-stream/lib/_stream_writable.js:417:5)
    at Console.Writable.write (/usr/local/lib/node_modules/firebase-tools/node_modules/winston-transport/node_modules/readable-stream/lib/_stream_writable.js:334:11)
    at DerivedLogger.ondata (/usr/local/lib/node_modules/firebase-tools/node_modules/readable-stream/lib/_stream_readable.js:681:20)
    at DerivedLogger.emit (node:events:532:35)
    at DerivedLogger.emit (node:domain:475:12)
    at addChunk (/usr/local/lib/node_modules/firebase-tools/node_modules/readable-stream/lib/_stream_readable.js:298:12)
[error] 
[error] Error: An unexpected error has occurred.
[debug] [2023-04-21T03:00:03.171Z] Error: write EIO
    at afterWriteDispatched (node:internal/stream_base_commons:160:15)
    at writeGeneric (node:internal/stream_base_commons:151:3)
    at WriteStream.Socket._writeGeneric (node:net:795:11)
    at WriteStream.Socket._write (node:net:807:8)
    at writeOrBuffer (node:internal/streams/writable:389:12)
    at _write (node:internal/streams/writable:330:10)
    at WriteStream.Writable.write (node:internal/streams/writable:334:10)
    at Console.log (/usr/local/lib/node_modules/firebase-tools/node_modules/winston/lib/winston/transports/console.js:79:23)
    at Console._write (/usr/local/lib/node_modules/firebase-tools/node_modules/winston-transport/index.js:103:17)
    at doWrite (/usr/local/lib/node_modules/firebase-tools/node_modules/winston-transport/node_modules/readable-stream/lib/_stream_writable.js:428:64)
    at writeOrBuffer (/usr/local/lib/node_modules/firebase-tools/node_modules/winston-transport/node_modules/readable-stream/lib/_stream_writable.js:417:5)
    at Console.Writable.write (/usr/local/lib/node_modules/firebase-tools/node_modules/winston-transport/node_modules/readable-stream/lib/_stream_writable.js:334:11)
    at DerivedLogger.ondata (/usr/local/lib/node_modules/firebase-tools/node_modules/readable-stream/lib/_stream_readable.js:681:20)
    at DerivedLogger.emit (node:events:532:35)
    at DerivedLogger.emit (node:domain:475:12)
    at addChunk (/usr/local/lib/node_modules/firebase-tools/node_modules/readable-stream/lib/_stream_readable.js:298:12)
[error] 
[error] Error: An unexpected error has occurred.
[debug] [2023-04-21T03:00:03.172Z] Error: write EIO
    at afterWriteDispatched (node:internal/stream_base_commons:160:15)
    at writeGeneric (node:internal/stream_base_commons:151:3)
    at WriteStream.Socket._writeGeneric (node:net:795:11)
    at WriteStream.Socket._write (node:net:807:8)
    at writeOrBuffer (node:internal/streams/writable:389:12)
    at _write (node:internal/streams/writable:330:10)
    at WriteStream.Writable.write (node:internal/streams/writable:334:10)
    at Console.log (/usr/local/lib/node_modules/firebase-tools/node_modules/winston/lib/winston/transports/console.js:79:23)
    at Console._write (/usr/local/lib/node_modules/firebase-tools/node_modules/winston-transport/index.js:103:17)
    at doWrite (/usr/local/lib/node_modules/firebase-tools/node_modules/winston-transport/node_modules/readable-stream/lib/_stream_writable.js:428:64)
    at writeOrBuffer (/usr/local/lib/node_modules/firebase-tools/node_modules/winston-transport/node_modules/readable-stream/lib/_stream_writable.js:417:5)
    at Console.Writable.write (/usr/local/lib/node_modules/firebase-tools/node_modules/winston-transport/node_modules/readable-stream/lib/_stream_writable.js:334:11)
    at DerivedLogger.ondata (/usr/local/lib/node_modules/firebase-tools/node_modules/readable-stream/lib/_stream_readable.js:681:20)
    at DerivedLogger.emit (node:events:532:35)
    at DerivedLogger.emit (node:domain:475:12)
    at addChunk (/usr/local/lib/node_modules/firebase-tools/node_modules/readable-stream/lib/_stream_readable.js:298:12)
[error] 
[error] Error: An unexpected error has occurred.
[debug] [2023-04-21T03:00:03.182Z] Error: write EIO
    at afterWriteDispatched (node:internal/stream_base_commons:160:15)
    at writeGeneric (node:internal/stream_base_commons:151:3)
    at WriteStream.Socket._writeGeneric (node:net:795:11)
    at WriteStream.Socket._write (node:net:807:8)
    at writeOrBuffer (node:internal/streams/writable:389:12)
    at _write (node:internal/streams/writable:330:10)
    at WriteStream.Writable.write (node:internal/streams/writable:334:10)
    at Console.log (/usr/local/lib/node_modules/firebase-tools/node_modules/winston/lib/winston/transports/console.js:79:23)
    at Console._write (/usr/local/lib/node_modules/firebase-tools/node_modules/winston-transport/index.js:103:17)
    at doWrite (/usr/local/lib/node_modules/firebase-tools/node_modules/winston-transport/node_modules/readable-stream/lib/_stream_writable.js:428:64)
    at writeOrBuffer (/usr/local/lib/node_modules/firebase-tools/node_modules/winston-transport/node_modules/readable-stream/lib/_stream_writable.js:417:5)
    at Console.Writable.write (/usr/local/lib/node_modules/firebase-tools/node_modules/winston-transport/node_modules/readable-stream/lib/_stream_writable.js:334:11)
    at DerivedLogger.ondata (/usr/local/lib/node_modules/firebase-tools/node_modules/readable-stream/lib/_stream_readable.js:681:20)
    at DerivedLogger.emit (node:events:532:35)
    at DerivedLogger.emit (node:domain:475:12)
    at addChunk (/usr/local/lib/node_modules/firebase-tools/node_modules/readable-stream/lib/_stream_readable.js:298:12)
[error] 
[error] Error: An unexpected error has occurred.
[debug] [2023-04-21T03:00:03.193Z] Error: write EIO
    at afterWriteDispatched (node:internal/stream_base_commons:160:15)
    at writeGeneric (node:internal/stream_base_commons:151:3)
    at WriteStream.Socket._writeGeneric (node:net:795:11)
    at WriteStream.Socket._write (node:net:807:8)
    at writeOrBuffer (node:internal/streams/writable:389:12)
    at _write (node:internal/streams/writable:330:10)
    at WriteStream.Writable.write (node:internal/streams/writable:334:10)
    at Console.log (/usr/local/lib/node_modules/firebase-tools/node_modules/winston/lib/winston/transports/console.js:79:23)
    at Console._write (/usr/local/lib/node_modules/firebase-tools/node_modules/winston-transport/index.js:103:17)
    at doWrite (/usr/local/lib/node_modules/firebase-tools/node_modules/winston-transport/node_modules/readable-stream/lib/_stream_writable.js:428:64)
    at writeOrBuffer (/usr/local/lib/node_modules/firebase-tools/node_modules/winston-transport/node_modules/readable-stream/lib/_stream_writable.js:417:5)
    at Console.Writable.write (/usr/local/lib/node_modules/firebase-tools/node_modules/winston-transport/node_modules/readable-stream/lib/_stream_writable.js:334:11)
    at DerivedLogger.ondata (/usr/local/lib/node_modules/firebase-tools/node_modules/readable-stream/lib/_stream_readable.js:681:20)
    at DerivedLogger.emit (node:events:532:35)
    at DerivedLogger.emit (node:domain:475:12)
    at addChunk (/usr/local/lib/node_modules/firebase-tools/node_modules/readable-stream/lib/_stream_readable.js:298:12)
[error] 
[error] Error: An unexpected error has occurred.
[debug] [2023-04-21T03:00:03.194Z] Error: write EIO
    at afterWriteDispatched (node:internal/stream_base_commons:160:15)
    at writeGeneric (node:internal/stream_base_commons:151:3)
    at WriteStream.Socket._writeGeneric (node:net:795:11)
    at WriteStream.Socket._write (node:net:807:8)
    at writeOrBuffer (node:internal/streams/writable:389:12)
    at _write (node:internal/streams/writable:330:10)
    at WriteStream.Writable.write (node:internal/streams/writable:334:10)
    at Console.log (/usr/local/lib/node_modules/firebase-tools/node_modules/winston/lib/winston/transports/console.js:79:23)
    at Console._write (/usr/local/lib/node_modules/firebase-tools/node_modules/winston-transport/index.js:103:17)
    at doWrite (/usr/local/lib/node_modules/firebase-tools/node_modules/winston-transport/node_modules/readable-stream/lib/_stream_writable.js:428:64)
    at writeOrBuffer (/usr/local/lib/node_modules/firebase-tools/node_modules/winston-transport/node_modules/readable-stream/lib/_stream_writable.js:417:5)
    at Console.Writable.write (/usr/local/lib/node_modules/firebase-tools/node_modules/winston-transport/node_modules/readable-stream/lib/_stream_writable.js:334:11)
    at DerivedLogger.ondata (/usr/local/lib/node_modules/firebase-tools/node_modules/readable-stream/lib/_stream_readable.js:681:20)
    at DerivedLogger.emit (node:events:532:35)
    at DerivedLogger.emit (node:domain:475:12)
    at addChunk (/usr/local/lib/node_modules/firebase-tools/node_modules/readable-stream/lib/_stream_readable.js:298:12)
[error] 
